<?xml version="1.0" encoding="UTF-8"?>
<testsuite xmlns:xsi="http://www.w3.org/2001/XMLSchema-instance" xsi:noNamespaceSchemaLocation="https://maven.apache.org/surefire/maven-surefire-plugin/xsd/surefire-test-report-3.0.xsd" version="3.0" name="com.example.configurationclient.ConfigurationClientApplicationTest" time="2.74" tests="1" errors="0" skipped="0" failures="0">
  <properties>
[...]
</properties>
  <testcase name="contextLoads" classname="com.example.configurationclient.ConfigurationClientApplicationTest" time="0.684">
    <system-out><![CDATA[11:03:29.890 [main] INFO org.springframework.test.context.support.AnnotationConfigContextLoaderUtils -- Could not detect default configuration classes for test class [com.example.configurationclient.ConfigurationClientApplicationTest]: ConfigurationClientApplicationTest does not declare any static, non-private, non-final, nested classes annotated with @Configuration.
11:03:29.948 [main] INFO org.springframework.boot.test.context.SpringBootTestContextBootstrapper -- Found @SpringBootConfiguration com.example.configurationclient.ConfigurationClientApplication for test class com.example.configurationclient.ConfigurationClientApplicationTest

  .   ____          _            __ _ _
 /\\ / ___'_ __ _ _(_)_ __  __ _ \ \ \ \
( ( )\___ | '_ | '_| | '_ \/ _` | \ \ \ \
 \\/  ___)| |_)| | | | | || (_| |  ) ) ) )
  '  |____| .__|_| |_|_| |_\__, | / / / /
 =========|_|==============|___/=/_/_/_/
 :: Spring Boot ::                (v3.1.0)

2023-05-22T11:03:30.709-04:00  INFO 59412 --- [           main] c.e.c.ConfigurationClientApplicationTest : Starting ConfigurationClientApplicationTest using Java 17.0.6 with PID 59412 (started by mark in /home/mark/rd-1-2022/rpt-config-client)
2023-05-22T11:03:30.710-04:00  INFO 59412 --- [           main] c.e.c.ConfigurationClientApplicationTest : No active profile set, falling back to 1 default profile: "default"
2023-05-22T11:03:30.731-04:00  INFO 59412 --- [           main] o.s.c.c.c.ConfigServerConfigDataLoader   : Fetching config from server at : http://localhost:8888/
2023-05-22T11:03:30.732-04:00  INFO 59412 --- [           main] o.s.c.c.c.ConfigServerConfigDataLoader   : Exception on Url - http://localhost:8888/:org.springframework.web.client.ResourceAccessException: I/O error on GET request for "http://localhost:8888/a-bootiful-client/default": Connection refused. Will be trying the next url if available
2023-05-22T11:03:30.732-04:00  WARN 59412 --- [           main] o.s.c.c.c.ConfigServerConfigDataLoader   : Could not locate PropertySource ([ConfigServerConfigDataResource@392a04e7 uris = array<String>['http://localhost:8888/'], optional = true, profiles = list['default']]): I/O error on GET request for "http://localhost:8888/a-bootiful-client/default": Connection refused
2023-05-22T11:03:31.263-04:00  INFO 59412 --- [           main] o.s.cloud.context.scope.GenericScope     : BeanFactory id=20ab29b5-a4fb-392d-ae19-3c02947a010a
2023-05-22T11:03:31.762-04:00  INFO 59412 --- [           main] o.s.b.a.e.web.EndpointLinksResolver      : Exposing 15 endpoint(s) beneath base path '/actuator'
2023-05-22T11:03:31.806-04:00  INFO 59412 --- [           main] c.e.c.ConfigurationClientApplicationTest : Started ConfigurationClientApplicationTest in 1.772 seconds (process running for 2.377)
2023-05-22T11:03:32.421-04:00  INFO 59412 --- [           main] o.s.c.c.c.ConfigServerConfigDataLoader   : Fetching config from server at : http://localhost:8888/
2023-05-22T11:03:32.422-04:00  INFO 59412 --- [           main] o.s.c.c.c.ConfigServerConfigDataLoader   : Exception on Url - http://localhost:8888/:org.springframework.web.client.ResourceAccessException: I/O error on GET request for "http://localhost:8888/a-bootiful-client/default": Connection refused. Will be trying the next url if available
2023-05-22T11:03:32.422-04:00  WARN 59412 --- [           main] o.s.c.c.c.ConfigServerConfigDataLoader   : Could not locate PropertySource ([ConfigServerConfigDataResource@27ec74a3 uris = array<String>['http://localhost:8888/'], optional = true, profiles = list['default']]): I/O error on GET request for "http://localhost:8888/a-bootiful-client/default": Connection refused
]]></system-out>
  </testcase>
</testsuite>